<?xml version="1.0" encoding="UTF-8"?>
<!-- Generated by org.testng.reporters.JUnitReportReporter -->
<testsuite hostname="PIKACHU" failures="0" tests="1" name="com.testing.AppTest" time="0.020" errors="0" timestamp="2024-03-27T15:16:03 IST" skipped="0">
  <testcase classname="com.testing.AppTest" name="shouldAnswerWithTrue" time="0.020"/>
</testsuite> <!-- com.testing.AppTest -->
