<?xml version="1.0" encoding="UTF-8"?>
<!-- Generated by org.testng.reporters.JUnitReportReporter -->
<testsuite hostname="LAPTOP-NGHULG3E" failures="0" tests="1" name="com.example.AppTest" time="217.094" errors="0" timestamp="2024-03-26T19:02:22 IST" skipped="0">
  <testcase classname="com.example.AppTest" name="testing" time="217.094"/>
</testsuite> <!-- com.example.AppTest -->
